{"/home/eduardo/projetos-pessoais/estudos-cleanArc-TDD-js-ts-projetos/manguinho-node-tdd-clean-architecture-design-patterns-youtube/src/main/config/app.js": {"path":"/home/eduardo/projetos-pessoais/estudos-cleanArc-TDD-js-ts-projetos/manguinho-node-tdd-clean-architecture-design-patterns-youtube/src/main/config/app.js","all":false,"statementMap":{"0":{"start":{"line":1,"column":0},"end":{"line":1,"column":34}},"1":{"start":{"line":2,"column":0},"end":{"line":2,"column":21}},"2":{"start":{"line":3,"column":0},"end":{"line":3,"column":35}},"3":{"start":{"line":4,"column":0},"end":{"line":4,"column":0}},"4":{"start":{"line":5,"column":0},"end":{"line":5,"column":13}},"5":{"start":{"line":6,"column":0},"end":{"line":6,"column":0}},"6":{"start":{"line":7,"column":0},"end":{"line":7,"column":20}}},"s":{"0":1,"1":1,"2":1,"3":1,"4":1,"5":1,"6":1},"branchMap":{},"b":{},"fnMap":{},"f":{}}
,"/home/eduardo/projetos-pessoais/estudos-cleanArc-TDD-js-ts-projetos/manguinho-node-tdd-clean-architecture-design-patterns-youtube/src/main/config/setup.js": {"path":"/home/eduardo/projetos-pessoais/estudos-cleanArc-TDD-js-ts-projetos/manguinho-node-tdd-clean-architecture-design-patterns-youtube/src/main/config/setup.js","all":false,"statementMap":{"0":{"start":{"line":1,"column":0},"end":{"line":1,"column":43}},"1":{"start":{"line":2,"column":0},"end":{"line":2,"column":56}},"2":{"start":{"line":3,"column":0},"end":{"line":3,"column":58}},"3":{"start":{"line":4,"column":0},"end":{"line":4,"column":0}},"4":{"start":{"line":5,"column":0},"end":{"line":5,"column":25}},"5":{"start":{"line":6,"column":0},"end":{"line":6,"column":29}},"6":{"start":{"line":7,"column":0},"end":{"line":7,"column":15}},"7":{"start":{"line":8,"column":0},"end":{"line":8,"column":21}},"8":{"start":{"line":9,"column":0},"end":{"line":9,"column":22}},"9":{"start":{"line":10,"column":0},"end":{"line":10,"column":1}}},"s":{"0":1,"1":1,"2":1,"3":1,"4":1,"5":4,"6":4,"7":4,"8":4,"9":4},"branchMap":{"0":{"type":"branch","line":5,"loc":{"start":{"line":5,"column":17},"end":{"line":10,"column":1}},"locations":[{"start":{"line":5,"column":17},"end":{"line":10,"column":1}}]}},"b":{"0":[4]},"fnMap":{"0":{"name":"Object.<anonymous>.module.exports","decl":{"start":{"line":5,"column":17},"end":{"line":10,"column":1}},"loc":{"start":{"line":5,"column":17},"end":{"line":10,"column":1}},"line":5}},"f":{"0":4}}
,"/home/eduardo/projetos-pessoais/estudos-cleanArc-TDD-js-ts-projetos/manguinho-node-tdd-clean-architecture-design-patterns-youtube/src/main/middlewares/content-type.js": {"path":"/home/eduardo/projetos-pessoais/estudos-cleanArc-TDD-js-ts-projetos/manguinho-node-tdd-clean-architecture-design-patterns-youtube/src/main/middlewares/content-type.js","all":false,"statementMap":{"0":{"start":{"line":1,"column":0},"end":{"line":1,"column":38}},"1":{"start":{"line":2,"column":0},"end":{"line":2,"column":18}},"2":{"start":{"line":3,"column":0},"end":{"line":3,"column":8}},"3":{"start":{"line":4,"column":0},"end":{"line":4,"column":1}}},"s":{"0":1,"1":4,"2":4,"3":4},"branchMap":{"0":{"type":"branch","line":1,"loc":{"start":{"line":1,"column":17},"end":{"line":4,"column":1}},"locations":[{"start":{"line":1,"column":17},"end":{"line":4,"column":1}}]}},"b":{"0":[4]},"fnMap":{"0":{"name":"Object.<anonymous>.module.exports","decl":{"start":{"line":1,"column":17},"end":{"line":4,"column":1}},"loc":{"start":{"line":1,"column":17},"end":{"line":4,"column":1}},"line":1}},"f":{"0":4}}
}
