{"/home/eduardo/projetos-pessoais/estudos-cleanArc-TDD-js-ts-projetos/manguinho-node-tdd-clean-architecture-design-patterns-youtube/src/domain/usecases/auth-usecase.js": {"path":"/home/eduardo/projetos-pessoais/estudos-cleanArc-TDD-js-ts-projetos/manguinho-node-tdd-clean-architecture-design-patterns-youtube/src/domain/usecases/auth-usecase.js","all":false,"statementMap":{"0":{"start":{"line":1,"column":0},"end":{"line":1,"column":78}},"1":{"start":{"line":2,"column":0},"end":{"line":2,"column":0}},"2":{"start":{"line":3,"column":0},"end":{"line":3,"column":36}},"3":{"start":{"line":4,"column":0},"end":{"line":4,"column":70}},"4":{"start":{"line":5,"column":0},"end":{"line":5,"column":62}},"5":{"start":{"line":6,"column":0},"end":{"line":6,"column":30}},"6":{"start":{"line":7,"column":0},"end":{"line":7,"column":40}},"7":{"start":{"line":8,"column":0},"end":{"line":8,"column":3}},"8":{"start":{"line":9,"column":0},"end":{"line":9,"column":0}},"9":{"start":{"line":10,"column":0},"end":{"line":10,"column":32}},"10":{"start":{"line":11,"column":0},"end":{"line":11,"column":52}},"11":{"start":{"line":12,"column":0},"end":{"line":12,"column":58}},"12":{"start":{"line":13,"column":0},"end":{"line":13,"column":97}},"13":{"start":{"line":14,"column":0},"end":{"line":14,"column":102}},"14":{"start":{"line":15,"column":0},"end":{"line":15,"column":0}},"15":{"start":{"line":16,"column":0},"end":{"line":16,"column":65}},"16":{"start":{"line":17,"column":0},"end":{"line":17,"column":26}},"17":{"start":{"line":18,"column":0},"end":{"line":18,"column":87}},"18":{"start":{"line":19,"column":0},"end":{"line":19,"column":37}},"19":{"start":{"line":20,"column":0},"end":{"line":20,"column":47}},"20":{"start":{"line":21,"column":0},"end":{"line":21,"column":3}},"21":{"start":{"line":22,"column":0},"end":{"line":22,"column":1}}},"s":{"0":1,"1":1,"2":1,"3":1,"4":9,"5":9,"6":9,"7":9,"8":1,"9":1,"10":9,"11":9,"12":9,"13":9,"14":5,"15":5,"16":9,"17":4,"18":9,"19":3,"20":3,"21":1},"branchMap":{"0":{"type":"branch","line":4,"loc":{"start":{"line":4,"column":2},"end":{"line":8,"column":3}},"locations":[{"start":{"line":4,"column":2},"end":{"line":8,"column":3}}]},"1":{"type":"branch","line":10,"loc":{"start":{"line":10,"column":2},"end":{"line":21,"column":3}},"locations":[{"start":{"line":10,"column":2},"end":{"line":21,"column":3}}]},"2":{"type":"branch","line":11,"loc":{"start":{"line":11,"column":16},"end":{"line":11,"column":52}},"locations":[{"start":{"line":11,"column":16},"end":{"line":11,"column":52}}]},"3":{"type":"branch","line":12,"loc":{"start":{"line":12,"column":-1},"end":{"line":12,"column":19}},"locations":[{"start":{"line":12,"column":-1},"end":{"line":12,"column":19}}]},"4":{"type":"branch","line":12,"loc":{"start":{"line":12,"column":19},"end":{"line":12,"column":58}},"locations":[{"start":{"line":12,"column":19},"end":{"line":12,"column":58}}]},"5":{"type":"branch","line":13,"loc":{"start":{"line":13,"column":-1},"end":{"line":13,"column":41}},"locations":[{"start":{"line":13,"column":-1},"end":{"line":13,"column":41}}]},"6":{"type":"branch","line":13,"loc":{"start":{"line":13,"column":41},"end":{"line":13,"column":97}},"locations":[{"start":{"line":13,"column":41},"end":{"line":13,"column":97}}]},"7":{"type":"branch","line":14,"loc":{"start":{"line":14,"column":-1},"end":{"line":14,"column":46}},"locations":[{"start":{"line":14,"column":-1},"end":{"line":14,"column":46}}]},"8":{"type":"branch","line":14,"loc":{"start":{"line":14,"column":46},"end":{"line":14,"column":102}},"locations":[{"start":{"line":14,"column":46},"end":{"line":14,"column":102}}]},"9":{"type":"branch","line":15,"loc":{"start":{"line":15,"column":-1},"end":{"line":17,"column":15}},"locations":[{"start":{"line":15,"column":-1},"end":{"line":17,"column":15}}]},"10":{"type":"branch","line":17,"loc":{"start":{"line":17,"column":15},"end":{"line":17,"column":26}},"locations":[{"start":{"line":17,"column":15},"end":{"line":17,"column":26}}]},"11":{"type":"branch","line":18,"loc":{"start":{"line":18,"column":-1},"end":{"line":19,"column":26}},"locations":[{"start":{"line":18,"column":-1},"end":{"line":19,"column":26}}]},"12":{"type":"branch","line":19,"loc":{"start":{"line":19,"column":26},"end":{"line":19,"column":37}},"locations":[{"start":{"line":19,"column":26},"end":{"line":19,"column":37}}]},"13":{"type":"branch","line":20,"loc":{"start":{"line":20,"column":-1},"end":{"line":21,"column":3}},"locations":[{"start":{"line":20,"column":-1},"end":{"line":21,"column":3}}]}},"b":{"0":[9],"1":[9],"2":[1],"3":[8],"4":[1],"5":[7],"6":[1],"7":[6],"8":[1],"9":[5],"10":[1],"11":[4],"12":[1],"13":[3]},"fnMap":{"0":{"name":"AuthUseCase","decl":{"start":{"line":4,"column":2},"end":{"line":8,"column":3}},"loc":{"start":{"line":4,"column":2},"end":{"line":8,"column":3}},"line":4},"1":{"name":"auth","decl":{"start":{"line":10,"column":2},"end":{"line":21,"column":3}},"loc":{"start":{"line":10,"column":2},"end":{"line":21,"column":3}},"line":10}},"f":{"0":9,"1":9}}
,"/home/eduardo/projetos-pessoais/estudos-cleanArc-TDD-js-ts-projetos/manguinho-node-tdd-clean-architecture-design-patterns-youtube/src/utils/errors/index.js": {"path":"/home/eduardo/projetos-pessoais/estudos-cleanArc-TDD-js-ts-projetos/manguinho-node-tdd-clean-architecture-design-patterns-youtube/src/utils/errors/index.js","all":false,"statementMap":{"0":{"start":{"line":1,"column":0},"end":{"line":1,"column":58}},"1":{"start":{"line":2,"column":0},"end":{"line":2,"column":58}},"2":{"start":{"line":3,"column":0},"end":{"line":3,"column":0}},"3":{"start":{"line":4,"column":0},"end":{"line":4,"column":18}},"4":{"start":{"line":5,"column":0},"end":{"line":5,"column":20}},"5":{"start":{"line":6,"column":0},"end":{"line":6,"column":19}},"6":{"start":{"line":7,"column":0},"end":{"line":7,"column":1}}},"s":{"0":1,"1":1,"2":1,"3":1,"4":1,"5":1,"6":1},"branchMap":{},"b":{},"fnMap":{},"f":{}}
}
