TN:
SF:src/infra/helpers/mongo-helper.js
FN:4,connect
FN:11,db
FN:16,disconnect
FNF:3
FNH:3
FNDA:1,connect
FNDA:1,db
FNDA:1,disconnect
DA:1,1
DA:2,1
DA:3,1
DA:4,1
DA:5,1
DA:6,1
DA:7,1
DA:8,1
DA:9,1
DA:10,1
DA:11,1
DA:12,1
DA:13,1
DA:14,1
DA:15,1
DA:16,1
DA:17,1
DA:18,1
DA:19,1
LF:19
LH:19
BRDA:4,0,0,1
BRDA:11,1,0,1
BRDA:16,2,0,1
BRF:3
BRH:3
end_of_record
TN:
SF:src/infra/repositories/update-access-token-repository.js
FN:4,UpdateAccessTokenRepository
FN:8,update
FNF:2
FNH:2
FNDA:3,UpdateAccessTokenRepository
FNDA:4,update
DA:1,1
DA:2,1
DA:3,1
DA:4,1
DA:5,3
DA:6,3
DA:7,1
DA:8,1
DA:9,4
DA:10,4
DA:11,2
DA:12,2
DA:13,2
DA:14,2
DA:15,2
DA:16,2
DA:17,2
DA:18,1
DA:19,1
LF:19
LH:19
BRDA:4,0,0,3
BRDA:8,1,0,4
BRDA:9,2,0,1
BRDA:10,3,0,3
BRDA:10,4,0,1
BRDA:11,5,0,2
BRDA:18,6,0,1
BRF:7
BRH:7
end_of_record
TN:
SF:src/utils/errors/missing-param-error.js
FN:2,MissingParamError
FNF:1
FNH:1
FNDA:4,MissingParamError
DA:1,1
DA:2,1
DA:3,4
DA:4,4
DA:5,4
DA:6,1
LF:6
LH:6
BRDA:2,0,0,4
BRF:1
BRH:1
end_of_record
