TN:
SF:src/domain/usecases/auth-usecase.js
FN:4,AuthUseCase
FN:8,auth
FNF:2
FNH:2
FNDA:6,AuthUseCase
FNDA:6,auth
DA:1,1
DA:2,1
DA:3,1
DA:4,1
DA:5,6
DA:6,6
DA:7,1
DA:8,1
DA:9,6
DA:10,6
DA:11,6
DA:12,6
DA:13,2
DA:14,2
DA:15,2
DA:16,6
DA:17,1
LF:17
LH:17
BRDA:4,0,0,6
BRDA:8,1,0,6
BRDA:9,2,0,1
BRDA:10,3,0,5
BRDA:10,4,0,1
BRDA:11,5,0,4
BRDA:11,6,0,1
BRDA:12,7,0,3
BRDA:12,8,0,1
BRDA:13,9,0,2
BRF:10
BRH:10
end_of_record
TN:
SF:src/utils/errors/index.js
FNF:0
FNH:0
DA:1,1
DA:2,1
DA:3,1
DA:4,1
DA:5,1
DA:6,1
DA:7,1
LF:7
LH:7
BRF:0
BRH:0
end_of_record
